<?xml version="1.0" encoding="UTF-8"?>
<test>
    <title>This is test xml</title>
</test>